#
# There is insufficient memory for the Java Runtime Environment to continue.
# Native memory allocation (mmap) failed to map 111149056 bytes for G1 virtual space
# Possible reasons:
#   The system is out of physical RAM or swap space
#   The process is running with CompressedOops enabled, and the Java Heap may be blocking the growth of the native heap
# Possible solutions:
#   Reduce memory load on the system
#   Increase physical memory or swap space
#   Check if swap backing store is full
#   Decrease Java heap size (-Xmx/-Xms)
#   Decrease number of Java threads
#   Decrease Java thread stack sizes (-Xss)
#   Set larger code cache with -XX:ReservedCodeCacheSize=
#   JVM is running with Zero Based Compressed Oops mode in which the Java heap is
#     placed in the first 32GB address space. The Java Heap base address is the
#     maximum limit for the native heap growth. Please use -XX:HeapBaseMinAddress
#     to set the Java Heap base and to place the Java Heap above 32GB virtual address.
# This output file may be truncated or incomplete.
#
#  Out of Memory Error (os_windows.cpp:3559), pid=2588, tid=10624
#
# JRE version: OpenJDK Runtime Environment Temurin-17.0.7+7 (17.0.7+7) (build 17.0.7+7)
# Java VM: OpenJDK 64-Bit Server VM Temurin-17.0.7+7 (17.0.7+7, mixed mode, emulated-client, tiered, compressed oops, compressed class ptrs, g1 gc, windows-amd64)
# No core dump will be written. Minidumps are not enabled by default on client versions of Windows
#

---------------  S U M M A R Y ------------

Command Line: -Dcom.sun.management.jmxremote -Dcom.sun.management.jmxremote.port=57880 -Dcom.sun.management.jmxremote.authenticate=false -Dcom.sun.management.jmxremote.ssl=false -Djava.rmi.server.hostname=localhost -Dspring.jmx.enabled=true -Dmanagement.endpoints.jmx.exposure.include=* -Dspring.application.admin.enabled=true -XX:TieredStopAtLevel=1 -Dspring.boot.project.name=stms -Dfile.encoding=UTF-8 -XX:+ShowCodeDetailsInExceptionMessages com.project.stms.StmsApplication --spring.output.ansi.enabled=always

Host: 11th Gen Intel(R) Core(TM) i5-11400 @ 2.60GHz, 12 cores, 15G,  Windows 11 , 64 bit Build 22621 (10.0.22621.2070)
Time: Fri Sep  1 17:00:24 2023  Windows 11 , 64 bit Build 22621 (10.0.22621.2070) elapsed time: 3.907684 seconds (0d 0h 0m 3s)

---------------  T H R E A D  ---------------

Current thread (0x000002099e7dec90):  VMThread "VM Thread" [stack: 0x000000ca1de00000,0x000000ca1df00000] [id=10624]

Stack: [0x000000ca1de00000,0x000000ca1df00000]
Native frames: (J=compiled Java code, j=interpreted, Vv=VM code, C=native code)
V  [jvm.dll+0x67754a]
V  [jvm.dll+0x834304]
V  [jvm.dll+0x835aae]
V  [jvm.dll+0x836113]
V  [jvm.dll+0x24696f]
V  [jvm.dll+0x6743f9]
V  [jvm.dll+0x668c8a]
V  [jvm.dll+0x3061bb]
V  [jvm.dll+0x30d6a6]
V  [jvm.dll+0x35cece]
V  [jvm.dll+0x35d0ff]
V  [jvm.dll+0x2dd048]
V  [jvm.dll+0x2db20c]
V  [jvm.dll+0x2da7dc]
V  [jvm.dll+0x31e6db]
V  [jvm.dll+0x83a5bb]
V  [jvm.dll+0x83b2f4]
V  [jvm.dll+0x83b80c]
V  [jvm.dll+0x83bbe4]
V  [jvm.dll+0x83bcb0]
V  [jvm.dll+0x7e4e7a]
V  [jvm.dll+0x676395]
C  [ucrtbase.dll+0x29363]
C  [KERNEL32.DLL+0x126ad]
C  [ntdll.dll+0x5aa68]

VM_Operation (0x000000ca1fff8c60): G1CollectForAllocation, mode: safepoint, requested by thread 0x00000209a3a7bd90


---------------  P R O C E S S  ---------------

Threads class SMR info:
_java_thread_list=0x00000209a46c55a0, length=26, elements={
0x0000020989c1c510, 0x000002099e839330, 0x000002099e83a4f0, 0x000002099e878d60,
0x000002099e8a5fe0, 0x000002099e8a8cb0, 0x000002099e8ad680, 0x000002099e8ae030,
0x000002099e8e75a0, 0x000002099e7c3280, 0x000002099e7c3a80, 0x000002099ea7c3e0,
0x00000209a33b8ed0, 0x00000209a33b0eb0, 0x00000209a33ca010, 0x00000209a33baa20,
0x00000209a353c0e0, 0x00000209a353c5b0, 0x00000209a3587e60, 0x00000209a3588b50,
0x00000209a35c2110, 0x00000209a3a7b8c0, 0x00000209a3a7bd90, 0x00000209a3a7b3f0,
0x00000209a3a7c260, 0x00000209a3a7c730
}

Java Threads: ( => current thread )
  0x0000020989c1c510 JavaThread "main" [_thread_blocked, id=2680, stack(0x000000ca1d800000,0x000000ca1d900000)]
  0x000002099e839330 JavaThread "Reference Handler" daemon [_thread_blocked, id=18564, stack(0x000000ca1df00000,0x000000ca1e000000)]
  0x000002099e83a4f0 JavaThread "Finalizer" daemon [_thread_blocked, id=17468, stack(0x000000ca1e000000,0x000000ca1e100000)]
  0x000002099e878d60 JavaThread "Signal Dispatcher" daemon [_thread_blocked, id=20892, stack(0x000000ca1e100000,0x000000ca1e200000)]
  0x000002099e8a5fe0 JavaThread "Attach Listener" daemon [_thread_blocked, id=18680, stack(0x000000ca1e200000,0x000000ca1e300000)]
  0x000002099e8a8cb0 JavaThread "Service Thread" daemon [_thread_blocked, id=2248, stack(0x000000ca1e300000,0x000000ca1e400000)]
  0x000002099e8ad680 JavaThread "Monitor Deflation Thread" daemon [_thread_blocked, id=5804, stack(0x000000ca1e400000,0x000000ca1e500000)]
  0x000002099e8ae030 JavaThread "C1 CompilerThread0" daemon [_thread_blocked, id=19692, stack(0x000000ca1e500000,0x000000ca1e600000)]
  0x000002099e8e75a0 JavaThread "Sweeper thread" daemon [_thread_blocked, id=4768, stack(0x000000ca1e600000,0x000000ca1e700000)]
  0x000002099e7c3280 JavaThread "Common-Cleaner" daemon [_thread_blocked, id=9644, stack(0x000000ca1e700000,0x000000ca1e800000)]
  0x000002099e7c3a80 JavaThread "C1 CompilerThread1" daemon [_thread_blocked, id=7244, stack(0x000000ca1e800000,0x000000ca1e900000)]
  0x000002099ea7c3e0 JavaThread "Notification Thread" daemon [_thread_blocked, id=20180, stack(0x000000ca1e900000,0x000000ca1ea00000)]
  0x00000209a33b8ed0 JavaThread "C1 CompilerThread2" daemon [_thread_blocked, id=19092, stack(0x000000ca1ea00000,0x000000ca1eb00000)]
  0x00000209a33b0eb0 JavaThread "C1 CompilerThread3" daemon [_thread_blocked, id=20848, stack(0x000000ca1eb00000,0x000000ca1ec00000)]
  0x00000209a33ca010 JavaThread "RMI TCP Accept-0" daemon [_thread_in_native, id=16768, stack(0x000000ca1ec00000,0x000000ca1ed00000)]
  0x00000209a33baa20 JavaThread "RMI TCP Accept-57880" daemon [_thread_in_native, id=17416, stack(0x000000ca1ed00000,0x000000ca1ee00000)]
  0x00000209a353c0e0 JavaThread "RMI TCP Accept-0" daemon [_thread_in_native, id=15816, stack(0x000000ca1ee00000,0x000000ca1ef00000)]
  0x00000209a353c5b0 JavaThread "RMI TCP Connection(1)-127.0.0.1" daemon [_thread_in_native, id=18972, stack(0x000000ca1f000000,0x000000ca1f100000)]
  0x00000209a3587e60 JavaThread "RMI Scheduler(0)" daemon [_thread_blocked, id=16052, stack(0x000000ca1f100000,0x000000ca1f200000)]
  0x00000209a3588b50 JavaThread "RMI TCP Connection(2)-127.0.0.1" daemon [_thread_in_native, id=4760, stack(0x000000ca1f200000,0x000000ca1f300000)]
  0x00000209a35c2110 JavaThread "JMX server connection timeout 22" daemon [_thread_blocked, id=18648, stack(0x000000ca1f300000,0x000000ca1f400000)]
  0x00000209a3a7b8c0 JavaThread "Thread-0" [_thread_blocked, id=17992, stack(0x000000ca1fe00000,0x000000ca1ff00000)]
  0x00000209a3a7bd90 JavaThread "restartedMain" [_thread_blocked, id=9004, stack(0x000000ca1ff00000,0x000000ca20000000)]
  0x00000209a3a7b3f0 JavaThread "Catalina-utility-1" [_thread_blocked, id=15760, stack(0x000000ca20000000,0x000000ca20100000)]
  0x00000209a3a7c260 JavaThread "Catalina-utility-2" [_thread_blocked, id=14768, stack(0x000000ca20400000,0x000000ca20500000)]
  0x00000209a3a7c730 JavaThread "container-0" [_thread_blocked, id=16584, stack(0x000000ca20500000,0x000000ca20600000)]

Other Threads:
=>0x000002099e7dec90 VMThread "VM Thread" [stack: 0x000000ca1de00000,0x000000ca1df00000] [id=10624]
  0x0000020989ca49e0 WatcherThread [stack: 0x000000ca1ef00000,0x000000ca1f000000] [id=16048]
  0x0000020989c87440 GCTaskThread "GC Thread#0" [stack: 0x000000ca1d900000,0x000000ca1da00000] [id=24028]
  0x00000209a3794ab0 GCTaskThread "GC Thread#1" [stack: 0x000000ca1f400000,0x000000ca1f500000] [id=15296]
  0x00000209a37ef040 GCTaskThread "GC Thread#2" [stack: 0x000000ca1f500000,0x000000ca1f600000] [id=3680]
  0x00000209a37ef700 GCTaskThread "GC Thread#3" [stack: 0x000000ca1f600000,0x000000ca1f700000] [id=12592]
  0x00000209a37efdc0 GCTaskThread "GC Thread#4" [stack: 0x000000ca1f700000,0x000000ca1f800000] [id=18332]
  0x00000209a37f0070 GCTaskThread "GC Thread#5" [stack: 0x000000ca1f800000,0x000000ca1f900000] [id=18364]
  0x00000209a3a08890 GCTaskThread "GC Thread#6" [stack: 0x000000ca1f900000,0x000000ca1fa00000] [id=11040]
  0x00000209a3a08f50 GCTaskThread "GC Thread#7" [stack: 0x000000ca1fa00000,0x000000ca1fb00000] [id=10596]
  0x00000209a3a09200 GCTaskThread "GC Thread#8" [stack: 0x000000ca1fb00000,0x000000ca1fc00000] [id=10216]
  0x00000209a3c10620 GCTaskThread "GC Thread#9" [stack: 0x000000ca20100000,0x000000ca20200000] [id=4360]
  0x0000020989c98480 ConcurrentGCThread "G1 Main Marker" [stack: 0x000000ca1da00000,0x000000ca1db00000] [id=13588]
  0x0000020989c98d30 ConcurrentGCThread "G1 Conc#0" [stack: 0x000000ca1db00000,0x000000ca1dc00000] [id=17896]
  0x00000209a3c536e0 ConcurrentGCThread "G1 Conc#1" [stack: 0x000000ca20200000,0x000000ca20300000] [id=6836]
  0x00000209a3be8900 ConcurrentGCThread "G1 Conc#2" [stack: 0x000000ca20300000,0x000000ca20400000] [id=21416]
  0x000002099e68a1e0 ConcurrentGCThread "G1 Refine#0" [stack: 0x000000ca1dc00000,0x000000ca1dd00000] [id=18268]
  0x00000209a3a09cd0 ConcurrentGCThread "G1 Refine#1" [stack: 0x000000ca1fc00000,0x000000ca1fd00000] [id=13048]
  0x00000209a39e8dc0 ConcurrentGCThread "G1 Refine#2" [stack: 0x000000ca1fd00000,0x000000ca1fe00000] [id=11668]
  0x000002099e68cab0 ConcurrentGCThread "G1 Service" [stack: 0x000000ca1dd00000,0x000000ca1de00000] [id=22244]

Threads with active compile tasks:

VM state: at safepoint (normal execution)

VM Mutex/Monitor currently owned by a thread:  ([mutex/lock_event])
[0x0000020989c17d10] Threads_lock - owner thread: 0x000002099e7dec90
[0x0000020989c18730] Heap_lock - owner thread: 0x00000209a3a7bd90

Heap address: 0x0000000705400000, size: 4012 MB, Compressed Oops mode: Zero based, Oop shift amount: 3

CDS archive(s) not mapped
Compressed class space mapped at: 0x0000000800000000-0x0000000840000000, reserved size: 1073741824
Narrow klass base: 0x0000000800000000, Narrow klass shift: 0, Narrow klass range: 0x40000000

GC Precious Log:
 CPUs: 12 total, 12 available
 Memory: 16043M
 Large Page Support: Disabled
 NUMA Support: Disabled
 Compressed Oops: Enabled (Zero based)
 Heap Region Size: 2M
 Heap Min Capacity: 8M
 Heap Initial Capacity: 252M
 Heap Max Capacity: 4012M
 Pre-touch: Disabled
 Parallel Workers: 10
 Concurrent Workers: 3
 Concurrent Refinement Workers: 10
 Periodic GC: Disabled

Heap:
 garbage-first heap   total 40960K, used 16190K [0x0000000705400000, 0x0000000800000000)
  region size 2048K, 1 young (2048K), 1 survivors (2048K)
 Metaspace       used 40022K, committed 40320K, reserved 1114112K
  class space    used 5129K, committed 5248K, reserved 1048576K

Heap Regions: E=young(eden), S=young(survivor), O=old, HS=humongous(starts), HC=humongous(continues), CS=collection set, F=free, OA=open archive, CA=closed archive, TAMS=top-at-mark-start (previous, next)
|   0|0x0000000705400000, 0x0000000705600000, 0x0000000705600000|100%| O|  |TAMS 0x0000000705600000, 0x0000000705400000| Untracked 
|   1|0x0000000705600000, 0x0000000705800000, 0x0000000705800000|100%| O|  |TAMS 0x0000000705800000, 0x0000000705600000| Untracked 
|   2|0x0000000705800000, 0x0000000705a00000, 0x0000000705a00000|100%| O|  |TAMS 0x0000000705a00000, 0x0000000705800000| Untracked 
|   3|0x0000000705a00000, 0x0000000705c00000, 0x0000000705c00000|100%| O|  |TAMS 0x0000000705a00000, 0x0000000705a00000| Untracked 
|   4|0x0000000705c00000, 0x0000000705e00000, 0x0000000705e00000|100%| O|  |TAMS 0x0000000705e00000, 0x0000000705c00000| Untracked 
|   5|0x0000000705e00000, 0x0000000705e00000, 0x0000000706000000|  0%| F|  |TAMS 0x0000000705e00000, 0x0000000705e00000| Untracked 
|   6|0x0000000706000000, 0x0000000706200000, 0x0000000706200000|100%| O|  |TAMS 0x0000000706000000, 0x0000000706000000| Untracked 
|   7|0x0000000706200000, 0x0000000706400000, 0x0000000706400000|100%| O|  |TAMS 0x0000000706200000, 0x0000000706200000| Untracked 
|   8|0x0000000706400000, 0x000000070649ca00, 0x0000000706600000| 30%| O|  |TAMS 0x0000000706400000, 0x0000000706400000| Untracked 
|   9|0x0000000706600000, 0x0000000706600000, 0x0000000706800000|  0%| F|  |TAMS 0x0000000706600000, 0x0000000706600000| Untracked 
|  10|0x0000000706800000, 0x0000000706800000, 0x0000000706a00000|  0%| F|  |TAMS 0x0000000706800000, 0x0000000706800000| Untracked 
|  11|0x0000000706a00000, 0x0000000706a00000, 0x0000000706c00000|  0%| F|  |TAMS 0x0000000706a00000, 0x0000000706a00000| Untracked 
|  12|0x0000000706c00000, 0x0000000706d32ee0, 0x0000000706e00000| 59%| S|CS|TAMS 0x0000000706c00000, 0x0000000706c00000| Complete 
|  13|0x0000000706e00000, 0x0000000706e00000, 0x0000000707000000|  0%| F|  |TAMS 0x0000000706e00000, 0x0000000706e00000| Untracked 
|  14|0x0000000707000000, 0x0000000707000000, 0x0000000707200000|  0%| F|  |TAMS 0x0000000707000000, 0x0000000707000000| Untracked 
|  15|0x0000000707200000, 0x0000000707200000, 0x0000000707400000|  0%| F|  |TAMS 0x0000000707200000, 0x0000000707200000| Untracked 
|  16|0x0000000707400000, 0x0000000707400000, 0x0000000707600000|  0%| F|  |TAMS 0x0000000707400000, 0x0000000707400000| Untracked 
|  17|0x0000000707600000, 0x0000000707600000, 0x0000000707800000|  0%| F|  |TAMS 0x0000000707600000, 0x0000000707600000| Untracked 
| 123|0x0000000714a00000, 0x0000000714a00000, 0x0000000714c00000|  0%| F|  |TAMS 0x0000000714a00000, 0x0000000714a00000| Untracked 
| 125|0x0000000714e00000, 0x0000000714e00000, 0x0000000715000000|  0%| F|  |TAMS 0x0000000714e00000, 0x0000000714e00000| Untracked 

Card table byte_map: [0x0000020992d90000,0x0000020993570000] _byte_map_base: 0x000002098f566000

Marking Bits (Prev, Next): (CMBitMap*) 0x0000020989c878f0, (CMBitMap*) 0x0000020989c87930
 Prev Bits: [0x0000020993d50000, 0x0000020997c00000)
 Next Bits: [0x0000020997c00000, 0x000002099bab0000)

Polling page: 0x0000020989cd0000

Metaspace:

Usage:
  Non-class:     34.08 MB used.
      Class:      5.01 MB used.
       Both:     39.08 MB used.

Virtual space:
  Non-class space:       64.00 MB reserved,      34.25 MB ( 54%) committed,  1 nodes.
      Class space:        1.00 GB reserved,       5.12 MB ( <1%) committed,  1 nodes.
             Both:        1.06 GB reserved,      39.38 MB (  4%) committed. 

Chunk freelists:
   Non-Class:  13.05 MB
       Class:  10.88 MB
        Both:  23.92 MB

MaxMetaspaceSize: unlimited
CompressedClassSpaceSize: 1.00 GB
Initial GC threshold: 21.00 MB
Current GC threshold: 59.19 MB
CDS: off
MetaspaceReclaimPolicy: balanced
 - commit_granule_bytes: 65536.
 - commit_granule_words: 8192.
 - virtual_space_node_default_size: 8388608.
 - enlarge_chunks_in_place: 1.
 - new_chunks_are_fully_committed: 0.
 - uncommit_free_chunks: 1.
 - use_allocation_guard: 0.
 - handle_deallocations: 1.


Internal statistics:

num_allocs_failed_limit: 6.
num_arena_births: 366.
num_arena_deaths: 0.
num_vsnodes_births: 2.
num_vsnodes_deaths: 0.
num_space_committed: 630.
num_space_uncommitted: 0.
num_chunks_returned_to_freelist: 6.
num_chunks_taken_from_freelist: 1444.
num_chunk_merges: 6.
num_chunk_splits: 979.
num_chunks_enlarged: 727.
num_inconsistent_stats: 0.

CodeCache: size=49152Kb used=8875Kb max_used=8875Kb free=40276Kb
 bounds [0x000002098eab0000, 0x000002098f360000, 0x0000020991ab0000]
 total_blobs=4274 nmethods=3761 adapters=436
 compilation: enabled
              stopped_count=0, restarted_count=0
 full_count=0

Compilation events (20 events):
Event: 3.848 Thread 0x00000209a33b8ed0 3753       1       org.springframework.beans.factory.support.DefaultListableBeanFactory::findAnnotationOnBean (25 bytes)
Event: 3.848 Thread 0x00000209a33b0eb0 3755       1       org.springframework.beans.factory.support.DefaultListableBeanFactory$$Lambda$483/0x0000000800469758::test (10 bytes)
Event: 3.848 Thread 0x000002099e7c3a80 3754       1       org.springframework.beans.factory.support.DefaultListableBeanFactory::findMergedAnnotationOnBean (153 bytes)
Event: 3.848 Thread 0x00000209a33b0eb0 nmethod 3755 0x000002098f355b90 code [0x000002098f355d20, 0x000002098f355e68]
Event: 3.849 Thread 0x00000209a33b8ed0 nmethod 3753 0x000002098f355f10 code [0x000002098f356100, 0x000002098f3564d8]
Event: 3.849 Thread 0x00000209a33b8ed0 3756   !   1       jdk.proxy2.$Proxy50::annotationType (29 bytes)
Event: 3.849 Thread 0x00000209a33b8ed0 nmethod 3756 0x000002098f356710 code [0x000002098f3568c0, 0x000002098f356ad8]
Event: 3.849 Thread 0x000002099e7c3a80 nmethod 3754 0x000002098f356c10 code [0x000002098f356f00, 0x000002098f357918]
Event: 3.849 Thread 0x00000209a33b8ed0 3757       1       org.springframework.core.annotation.AnnotationsScanner::isOverride (38 bytes)
Event: 3.850 Thread 0x00000209a33b8ed0 nmethod 3757 0x000002098f357e90 code [0x000002098f358040, 0x000002098f3581b8]
Event: 3.850 Thread 0x00000209a33b8ed0 3758   !   1       jdk.proxy2.$Proxy40::annotationType (29 bytes)
Event: 3.850 Thread 0x00000209a33b8ed0 nmethod 3758 0x000002098f358310 code [0x000002098f3584c0, 0x000002098f3586d8]
Event: 3.851 Thread 0x000002099e8ae030 3759       1       org.springframework.beans.factory.support.DefaultListableBeanFactory::findAnnotationOnBean (8 bytes)
Event: 3.851 Thread 0x000002099e8ae030 nmethod 3759 0x000002098f358810 code [0x000002098f358a00, 0x000002098f358dd8]
Event: 3.852 Thread 0x000002099e8ae030 3760       1       org.springframework.beans.factory.support.DefaultListableBeanFactory::getAutowireCandidateResolver (5 bytes)
Event: 3.852 Thread 0x000002099e8ae030 nmethod 3760 0x000002098f359010 code [0x000002098f3591a0, 0x000002098f359278]
Event: 3.857 Thread 0x000002099e8ae030 3761       1       org.springframework.context.support.GenericApplicationContext::getBeanFactory (5 bytes)
Event: 3.857 Thread 0x000002099e8ae030 nmethod 3761 0x000002098f359610 code [0x000002098f3597a0, 0x000002098f359878]
Event: 3.874 Thread 0x000002099e8ae030 3762   !   1       org.springframework.util.ReflectionUtils::getDeclaredFields (104 bytes)
Event: 3.876 Thread 0x000002099e8ae030 nmethod 3762 0x000002098f359c10 code [0x000002098f359ee0, 0x000002098f35a758]

GC Heap History (20 events):
Event: 1.867 GC heap after
{Heap after GC invocations=3 (full 0):
 garbage-first heap   total 258048K, used 8131K [0x0000000705400000, 0x0000000800000000)
  region size 2048K, 1 young (2048K), 1 survivors (2048K)
 Metaspace       used 21232K, committed 21504K, reserved 1114112K
  class space    used 2473K, committed 2624K, reserved 1048576K
}
Event: 2.174 GC heap before
{Heap before GC invocations=4 (full 0):
 garbage-first heap   total 40960K, used 26563K [0x0000000705400000, 0x0000000800000000)
  region size 2048K, 12 young (24576K), 1 survivors (2048K)
 Metaspace       used 25686K, committed 25984K, reserved 1114112K
  class space    used 3174K, committed 3328K, reserved 1048576K
}
Event: 2.176 GC heap after
{Heap after GC invocations=5 (full 0):
 garbage-first heap   total 40960K, used 9203K [0x0000000705400000, 0x0000000800000000)
  region size 2048K, 2 young (4096K), 2 survivors (4096K)
 Metaspace       used 25686K, committed 25984K, reserved 1114112K
  class space    used 3174K, committed 3328K, reserved 1048576K
}
Event: 2.213 GC heap before
{Heap before GC invocations=5 (full 0):
 garbage-first heap   total 40960K, used 9203K [0x0000000705400000, 0x0000000800000000)
  region size 2048K, 3 young (6144K), 2 survivors (4096K)
 Metaspace       used 25991K, committed 26240K, reserved 1114112K
  class space    used 3222K, committed 3328K, reserved 1048576K
}
Event: 2.215 GC heap after
{Heap after GC invocations=6 (full 0):
 garbage-first heap   total 40960K, used 9434K [0x0000000705400000, 0x0000000800000000)
  region size 2048K, 1 young (2048K), 1 survivors (2048K)
 Metaspace       used 25991K, committed 26240K, reserved 1114112K
  class space    used 3222K, committed 3328K, reserved 1048576K
}
Event: 2.426 GC heap before
{Heap before GC invocations=6 (full 0):
 garbage-first heap   total 40960K, used 23770K [0x0000000705400000, 0x0000000800000000)
  region size 2048K, 9 young (18432K), 1 survivors (2048K)
 Metaspace       used 29497K, committed 29760K, reserved 1114112K
  class space    used 3592K, committed 3712K, reserved 1048576K
}
Event: 2.427 GC heap after
{Heap after GC invocations=7 (full 0):
 garbage-first heap   total 40960K, used 9936K [0x0000000705400000, 0x0000000800000000)
  region size 2048K, 1 young (2048K), 1 survivors (2048K)
 Metaspace       used 29497K, committed 29760K, reserved 1114112K
  class space    used 3592K, committed 3712K, reserved 1048576K
}
Event: 2.691 GC heap before
{Heap before GC invocations=7 (full 0):
 garbage-first heap   total 40960K, used 26320K [0x0000000705400000, 0x0000000800000000)
  region size 2048K, 9 young (18432K), 1 survivors (2048K)
 Metaspace       used 31156K, committed 31424K, reserved 1114112K
  class space    used 3855K, committed 3968K, reserved 1048576K
}
Event: 2.693 GC heap after
{Heap after GC invocations=8 (full 0):
 garbage-first heap   total 40960K, used 11010K [0x0000000705400000, 0x0000000800000000)
  region size 2048K, 1 young (2048K), 1 survivors (2048K)
 Metaspace       used 31156K, committed 31424K, reserved 1114112K
  class space    used 3855K, committed 3968K, reserved 1048576K
}
Event: 3.011 GC heap before
{Heap before GC invocations=8 (full 0):
 garbage-first heap   total 40960K, used 27394K [0x0000000705400000, 0x0000000800000000)
  region size 2048K, 9 young (18432K), 1 survivors (2048K)
 Metaspace       used 32852K, committed 33088K, reserved 1114112K
  class space    used 4113K, committed 4224K, reserved 1048576K
}
Event: 3.013 GC heap after
{Heap after GC invocations=9 (full 0):
 garbage-first heap   total 40960K, used 12069K [0x0000000705400000, 0x0000000800000000)
  region size 2048K, 2 young (4096K), 2 survivors (4096K)
 Metaspace       used 32852K, committed 33088K, reserved 1114112K
  class space    used 4113K, committed 4224K, reserved 1048576K
}
Event: 3.329 GC heap before
{Heap before GC invocations=9 (full 0):
 garbage-first heap   total 40960K, used 28453K [0x0000000705400000, 0x0000000800000000)
  region size 2048K, 10 young (20480K), 2 survivors (4096K)
 Metaspace       used 35683K, committed 35968K, reserved 1114112K
  class space    used 4532K, committed 4672K, reserved 1048576K
}
Event: 3.331 GC heap after
{Heap after GC invocations=10 (full 0):
 garbage-first heap   total 40960K, used 13682K [0x0000000705400000, 0x0000000800000000)
  region size 2048K, 2 young (4096K), 2 survivors (4096K)
 Metaspace       used 35683K, committed 35968K, reserved 1114112K
  class space    used 4532K, committed 4672K, reserved 1048576K
}
Event: 3.362 GC heap before
{Heap before GC invocations=10 (full 0):
 garbage-first heap   total 40960K, used 15730K [0x0000000705400000, 0x0000000800000000)
  region size 2048K, 4 young (8192K), 2 survivors (4096K)
 Metaspace       used 35989K, committed 36288K, reserved 1114112K
  class space    used 4588K, committed 4736K, reserved 1048576K
}
Event: 3.364 GC heap after
{Heap after GC invocations=11 (full 0):
 garbage-first heap   total 40960K, used 14213K [0x0000000705400000, 0x0000000800000000)
  region size 2048K, 2 young (4096K), 2 survivors (4096K)
 Metaspace       used 35989K, committed 36288K, reserved 1114112K
  class space    used 4588K, committed 4736K, reserved 1048576K
}
Event: 3.562 GC heap before
{Heap before GC invocations=12 (full 0):
 garbage-first heap   total 40960K, used 28549K [0x0000000705400000, 0x0000000800000000)
  region size 2048K, 9 young (18432K), 2 survivors (4096K)
 Metaspace       used 38009K, committed 38400K, reserved 1114112K
  class space    used 4871K, committed 5056K, reserved 1048576K
}
Event: 3.564 GC heap after
{Heap after GC invocations=13 (full 0):
 garbage-first heap   total 40960K, used 15460K [0x0000000705400000, 0x0000000800000000)
  region size 2048K, 2 young (4096K), 2 survivors (4096K)
 Metaspace       used 38009K, committed 38400K, reserved 1114112K
  class space    used 4871K, committed 5056K, reserved 1048576K
}
Event: 3.608 GC heap before
{Heap before GC invocations=13 (full 0):
 garbage-first heap   total 40960K, used 17508K [0x0000000705400000, 0x0000000800000000)
  region size 2048K, 3 young (6144K), 2 survivors (4096K)
 Metaspace       used 38531K, committed 38848K, reserved 1114112K
  class space    used 4916K, committed 5056K, reserved 1048576K
}
Event: 3.611 GC heap after
{Heap after GC invocations=14 (full 0):
 garbage-first heap   total 40960K, used 15796K [0x0000000705400000, 0x0000000800000000)
  region size 2048K, 1 young (2048K), 1 survivors (2048K)
 Metaspace       used 38531K, committed 38848K, reserved 1114112K
  class space    used 4916K, committed 5056K, reserved 1048576K
}
Event: 3.894 GC heap before
{Heap before GC invocations=14 (full 0):
 garbage-first heap   total 40960K, used 28084K [0x0000000705400000, 0x0000000800000000)
  region size 2048K, 7 young (14336K), 1 survivors (2048K)
 Metaspace       used 40022K, committed 40320K, reserved 1114112K
  class space    used 5129K, committed 5248K, reserved 1048576K
}

Dll operation events (9 events):
Event: 0.021 Loaded shared library C:\Users\user\Desktop\course\springboot\sts-4.19.0.RELEASE\plugins\org.eclipse.justj.openjdk.hotspot.jre.full.win32.x86_64_17.0.7.v20230425-1502\jre\bin\java.dll
Event: 0.504 Loaded shared library C:\Users\user\Desktop\course\springboot\sts-4.19.0.RELEASE\plugins\org.eclipse.justj.openjdk.hotspot.jre.full.win32.x86_64_17.0.7.v20230425-1502\jre\bin\jimage.dll
Event: 0.525 Loaded shared library C:\Users\user\Desktop\course\springboot\sts-4.19.0.RELEASE\plugins\org.eclipse.justj.openjdk.hotspot.jre.full.win32.x86_64_17.0.7.v20230425-1502\jre\bin\net.dll
Event: 0.534 Loaded shared library C:\Users\user\Desktop\course\springboot\sts-4.19.0.RELEASE\plugins\org.eclipse.justj.openjdk.hotspot.jre.full.win32.x86_64_17.0.7.v20230425-1502\jre\bin\nio.dll
Event: 0.543 Loaded shared library C:\Users\user\Desktop\course\springboot\sts-4.19.0.RELEASE\plugins\org.eclipse.justj.openjdk.hotspot.jre.full.win32.x86_64_17.0.7.v20230425-1502\jre\bin\zip.dll
Event: 0.645 Loaded shared library C:\Users\user\Desktop\course\springboot\sts-4.19.0.RELEASE\plugins\org.eclipse.justj.openjdk.hotspot.jre.full.win32.x86_64_17.0.7.v20230425-1502\jre\bin\management.dll
Event: 0.665 Loaded shared library C:\Users\user\Desktop\course\springboot\sts-4.19.0.RELEASE\plugins\org.eclipse.justj.openjdk.hotspot.jre.full.win32.x86_64_17.0.7.v20230425-1502\jre\bin\management_ext.dll
Event: 0.989 Loaded shared library C:\Users\user\Desktop\course\springboot\sts-4.19.0.RELEASE\plugins\org.eclipse.justj.openjdk.hotspot.jre.full.win32.x86_64_17.0.7.v20230425-1502\jre\bin\verify.dll
Event: 3.534 Loaded shared library C:\Users\user\Desktop\course\springboot\sts-4.19.0.RELEASE\plugins\org.eclipse.justj.openjdk.hotspot.jre.full.win32.x86_64_17.0.7.v20230425-1502\jre\bin\sunmscapi.dll

Deoptimization events (4 events):
Event: 1.973 Thread 0x00000209a3a7bd90 DEOPT PACKING pc=0x000002098f0828f9 sp=0x000000ca1fffcc00
Event: 1.973 Thread 0x00000209a3a7bd90 DEOPT UNPACKING pc=0x000002098eb0ace3 sp=0x000000ca1fffc0e0 mode 3
Event: 3.499 Thread 0x00000209a3a7bd90 DEOPT PACKING pc=0x000002098f308aa5 sp=0x000000ca1fffcb80
Event: 3.499 Thread 0x00000209a3a7bd90 DEOPT UNPACKING pc=0x000002098eb0ace3 sp=0x000000ca1fffc0e8 mode 3

Classes unloaded (0 events):
No events

Classes redefined (0 events):
No events

Internal exceptions (20 events):
Event: 3.378 Thread 0x00000209a3a7bd90 Exception <a 'java/lang/NoSuchMethodError'{0x0000000714ef56e8}: 'void java.lang.invoke.DirectMethodHandle$Holder.invokeStatic(java.lang.Object, int, java.lang.Object)'> (0x0000000714ef56e8) 
thrown [s\src\hotspot\share\interpreter\linkResolver.cpp, line 759]
Event: 3.380 Thread 0x00000209a3a7bd90 Exception <a 'java/lang/NoSuchMethodError'{0x0000000714f24bd0}: 'int java.lang.invoke.DirectMethodHandle$Holder.invokeSpecial(java.lang.Object, java.lang.Object, int)'> (0x0000000714f24bd0) 
thrown [s\src\hotspot\share\interpreter\linkResolver.cpp, line 759]
Event: 3.566 Thread 0x00000209a3a7bd90 Exception <a 'sun/nio/fs/WindowsException'{0x0000000714e3bf30}> (0x0000000714e3bf30) 
thrown [s\src\hotspot\share\prims\jni.cpp, line 516]
Event: 3.567 Thread 0x00000209a3a7bd90 Exception <a 'sun/nio/fs/WindowsException'{0x0000000714e41b28}> (0x0000000714e41b28) 
thrown [s\src\hotspot\share\prims\jni.cpp, line 516]
Event: 3.567 Thread 0x00000209a3a7bd90 Exception <a 'sun/nio/fs/WindowsException'{0x0000000714e42200}> (0x0000000714e42200) 
thrown [s\src\hotspot\share\prims\jni.cpp, line 516]
Event: 3.570 Thread 0x00000209a3588b50 Exception <a 'java/lang/reflect/InvocationTargetException'{0x0000000714e61c40}> (0x0000000714e61c40) 
thrown [s\src\hotspot\share\runtime\reflection.cpp, line 1121]
Event: 3.694 Thread 0x00000209a3a7bd90 Exception <a 'java/io/FileNotFoundException'{0x0000000707696ab0}> (0x0000000707696ab0) 
thrown [s\src\hotspot\share\prims\jni.cpp, line 516]
Event: 3.736 Thread 0x00000209a3a7bd90 Exception <a 'java/lang/NoSuchMethodError'{0x0000000707790940}: 'int java.lang.invoke.DirectMethodHandle$Holder.invokeInterface(java.lang.Object, java.lang.Object, java.lang.Object, java.lang.Object)'> (0x0000000707790940) 
thrown [s\src\hotspot\share\interpreter\linkResolver.cpp, line 759]
Event: 3.790 Thread 0x00000209a3a7bd90 Exception <a 'java/lang/NoSuchMethodError'{0x000000070727fac0}: 'long java.lang.invoke.DirectMethodHandle$Holder.invokeVirtual(java.lang.Object, java.lang.Object)'> (0x000000070727fac0) 
thrown [s\src\hotspot\share\interpreter\linkResolver.cpp, line 759]
Event: 3.794 Thread 0x00000209a3a7bd90 Exception <a 'java/io/FileNotFoundException'{0x00000007072af890}> (0x00000007072af890) 
thrown [s\src\hotspot\share\prims\jni.cpp, line 516]
Event: 3.809 Thread 0x00000209a3a7bd90 Exception <a 'java/lang/ClassNotFoundException'{0x000000070736fad8}: java/lang/ObjectCustomizer> (0x000000070736fad8) 
thrown [s\src\hotspot\share\classfile\systemDictionary.cpp, line 256]
Event: 3.809 Thread 0x00000209a3a7bd90 Exception <a 'java/lang/ClassNotFoundException'{0x00000007073787e8}: org/springframework/security/config/annotation/authentication/configuration/AuthenticationConfigurationCustomizer> (0x00000007073787e8) 
thrown [s\src\hotspot\share\classfile\systemDictionary.cpp, line 256]
Event: 3.829 Thread 0x00000209a3a7bd90 Exception <a 'java/lang/ClassNotFoundException'{0x0000000707099620}: java/lang/ObjectCustomizer> (0x0000000707099620) 
thrown [s\src\hotspot\share\classfile\systemDictionary.cpp, line 256]
Event: 3.830 Thread 0x00000209a3a7bd90 Exception <a 'java/lang/ClassNotFoundException'{0x00000007070a1f40}: org/springframework/security/config/annotation/web/configuration/WebSecurityConfigurationCustomizer> (0x00000007070a1f40) 
thrown [s\src\hotspot\share\classfile\systemDictionary.cpp, line 256]
Event: 3.831 Thread 0x00000209a3a7bd90 Exception <a 'java/lang/ClassNotFoundException'{0x00000007070af740}: org/springframework/context/annotation/ImportAwareCustomizer> (0x00000007070af740) 
thrown [s\src\hotspot\share\classfile\systemDictionary.cpp, line 256]
Event: 3.832 Thread 0x00000209a3a7bd90 Exception <a 'java/lang/ClassNotFoundException'{0x00000007070b4d60}: org/springframework/beans/factory/AwareCustomizer> (0x00000007070b4d60) 
thrown [s\src\hotspot\share\classfile\systemDictionary.cpp, line 256]
Event: 3.833 Thread 0x00000209a3a7bd90 Exception <a 'java/lang/ClassNotFoundException'{0x00000007070b9868}: org/springframework/beans/factory/BeanClassLoaderAwareCustomizer> (0x00000007070b9868) 
thrown [s\src\hotspot\share\classfile\systemDictionary.cpp, line 256]
Event: 3.833 Thread 0x00000209a3a7bd90 Exception <a 'java/lang/ClassNotFoundException'{0x00000007070bee68}: org/springframework/beans/factory/AwareCustomizer> (0x00000007070bee68) 
thrown [s\src\hotspot\share\classfile\systemDictionary.cpp, line 256]
Event: 3.846 Thread 0x00000209a3a7bd90 Exception <a 'java/lang/ClassNotFoundException'{0x000000070714c348}: java/lang/ObjectCustomizer> (0x000000070714c348) 
thrown [s\src\hotspot\share\classfile\systemDictionary.cpp, line 256]
Event: 3.847 Thread 0x00000209a3a7bd90 Exception <a 'java/lang/ClassNotFoundException'{0x0000000707155730}: org/springframework/security/config/annotation/web/configuration/HttpSecurityConfigurationCustomizer> (0x0000000707155730) 
thrown [s\src\hotspot\share\classfile\systemDictionary.cpp, line 256]

VM Operations (20 events):
Event: 3.374 Executing VM operation: G1Concurrent done
Event: 3.415 Executing VM operation: HandshakeAllThreads
Event: 3.415 Executing VM operation: HandshakeAllThreads done
Event: 3.538 Executing VM operation: HandshakeAllThreads
Event: 3.538 Executing VM operation: HandshakeAllThreads done
Event: 3.562 Executing VM operation: G1CollectForAllocation
Event: 3.564 Executing VM operation: G1CollectForAllocation done
Event: 3.598 Executing VM operation: HandshakeAllThreads
Event: 3.598 Executing VM operation: HandshakeAllThreads done
Event: 3.608 Executing VM operation: G1CollectForAllocation
Event: 3.611 Executing VM operation: G1CollectForAllocation done
Event: 3.761 Executing VM operation: HandshakeAllThreads
Event: 3.761 Executing VM operation: HandshakeAllThreads done
Event: 3.762 Executing VM operation: HandshakeAllThreads
Event: 3.762 Executing VM operation: HandshakeAllThreads done
Event: 3.796 Executing VM operation: HandshakeAllThreads
Event: 3.796 Executing VM operation: HandshakeAllThreads done
Event: 3.871 Executing VM operation: HandshakeAllThreads
Event: 3.871 Executing VM operation: HandshakeAllThreads done
Event: 3.894 Executing VM operation: G1CollectForAllocation

Events (20 events):
Event: 3.809 loading class java/lang/ObjectCustomizer
Event: 3.809 loading class java/lang/ObjectCustomizer done
Event: 3.829 loading class java/lang/ObjectCustomizer
Event: 3.829 loading class java/lang/ObjectCustomizer done
Event: 3.829 loading class java/lang/ObjectCustomizer
Event: 3.829 loading class java/lang/ObjectCustomizer done
Event: 3.834 loading class sun/reflect/generics/repository/FieldRepository
Event: 3.834 loading class sun/reflect/generics/repository/FieldRepository done
Event: 3.846 loading class java/lang/ObjectCustomizer
Event: 3.846 loading class java/lang/ObjectCustomizer done
Event: 3.846 loading class java/lang/ObjectCustomizer
Event: 3.846 loading class java/lang/ObjectCustomizer done
Event: 3.868 loading class java/util/Base64
Event: 3.868 loading class java/util/Base64 done
Event: 3.868 loading class java/util/Base64$Encoder
Event: 3.868 loading class java/util/Base64$Encoder done
Event: 3.869 loading class sun/security/provider/MD5
Event: 3.869 loading class sun/security/provider/MD5 done
Event: 3.870 loading class java/nio/StringCharBuffer
Event: 3.870 loading class java/nio/StringCharBuffer done


Dynamic libraries:
0x00007ff6c9f70000 - 0x00007ff6c9f7e000 	C:\Users\user\Desktop\course\springboot\sts-4.19.0.RELEASE\plugins\org.eclipse.justj.openjdk.hotspot.jre.full.win32.x86_64_17.0.7.v20230425-1502\jre\bin\javaw.exe
0x00007ffee33d0000 - 0x00007ffee35e4000 	C:\WINDOWS\SYSTEM32\ntdll.dll
0x00007ffee1f90000 - 0x00007ffee2054000 	C:\WINDOWS\System32\KERNEL32.DLL
0x00007ffee09f0000 - 0x00007ffee0d94000 	C:\WINDOWS\System32\KERNELBASE.dll
0x00007ffee1070000 - 0x00007ffee1181000 	C:\WINDOWS\System32\ucrtbase.dll
0x00007ffebe3d0000 - 0x00007ffebe3e7000 	C:\Users\user\Desktop\course\springboot\sts-4.19.0.RELEASE\plugins\org.eclipse.justj.openjdk.hotspot.jre.full.win32.x86_64_17.0.7.v20230425-1502\jre\bin\jli.dll
0x00007ffee2d30000 - 0x00007ffee2eda000 	C:\WINDOWS\System32\USER32.dll
0x00007ffee0920000 - 0x00007ffee0946000 	C:\WINDOWS\System32\win32u.dll
0x00007ffee2220000 - 0x00007ffee2249000 	C:\WINDOWS\System32\GDI32.dll
0x00007ffee0da0000 - 0x00007ffee0eb9000 	C:\WINDOWS\System32\gdi32full.dll
0x00007ffee0950000 - 0x00007ffee09ea000 	C:\WINDOWS\System32\msvcp_win.dll
0x00007ffebe1b0000 - 0x00007ffebe1c9000 	C:\Users\user\Desktop\course\springboot\sts-4.19.0.RELEASE\plugins\org.eclipse.justj.openjdk.hotspot.jre.full.win32.x86_64_17.0.7.v20230425-1502\jre\bin\VCRUNTIME140.dll
0x00007ffed5d40000 - 0x00007ffed5fcf000 	C:\WINDOWS\WinSxS\amd64_microsoft.windows.common-controls_6595b64144ccf1df_6.0.22621.2070_none_2713e6537381f706\COMCTL32.dll
0x00007ffee2c80000 - 0x00007ffee2d27000 	C:\WINDOWS\System32\msvcrt.dll
0x00007ffee1d50000 - 0x00007ffee1d81000 	C:\WINDOWS\System32\IMM32.DLL
0x00007ffec2970000 - 0x00007ffec297c000 	C:\Users\user\Desktop\course\springboot\sts-4.19.0.RELEASE\plugins\org.eclipse.justj.openjdk.hotspot.jre.full.win32.x86_64_17.0.7.v20230425-1502\jre\bin\vcruntime140_1.dll
0x00007ffe81130000 - 0x00007ffe811c1000 	C:\Users\user\Desktop\course\springboot\sts-4.19.0.RELEASE\plugins\org.eclipse.justj.openjdk.hotspot.jre.full.win32.x86_64_17.0.7.v20230425-1502\jre\bin\msvcp140.dll
0x00007ffe49770000 - 0x00007ffe4a3b8000 	C:\Users\user\Desktop\course\springboot\sts-4.19.0.RELEASE\plugins\org.eclipse.justj.openjdk.hotspot.jre.full.win32.x86_64_17.0.7.v20230425-1502\jre\bin\server\jvm.dll
0x00007ffee2390000 - 0x00007ffee2440000 	C:\WINDOWS\System32\ADVAPI32.dll
0x00007ffee1210000 - 0x00007ffee12b6000 	C:\WINDOWS\System32\sechost.dll
0x00007ffee12c0000 - 0x00007ffee13d7000 	C:\WINDOWS\System32\RPCRT4.dll
0x00007ffed0a50000 - 0x00007ffed0a84000 	C:\WINDOWS\SYSTEM32\WINMM.dll
0x00007ffecbc00000 - 0x00007ffecbc09000 	C:\WINDOWS\SYSTEM32\WSOCK32.dll
0x00007ffee2640000 - 0x00007ffee26b1000 	C:\WINDOWS\System32\WS2_32.dll
0x00007ffedaff0000 - 0x00007ffedaffa000 	C:\WINDOWS\SYSTEM32\VERSION.dll
0x00007ffedf7a0000 - 0x00007ffedf7b8000 	C:\WINDOWS\SYSTEM32\kernel.appcore.dll
0x00007ffecd880000 - 0x00007ffecd88a000 	C:\Users\user\Desktop\course\springboot\sts-4.19.0.RELEASE\plugins\org.eclipse.justj.openjdk.hotspot.jre.full.win32.x86_64_17.0.7.v20230425-1502\jre\bin\jimage.dll
0x00007ffecddd0000 - 0x00007ffecdffe000 	C:\WINDOWS\SYSTEM32\DBGHELP.DLL
0x00007ffee27d0000 - 0x00007ffee2b5a000 	C:\WINDOWS\System32\combase.dll
0x00007ffee1eb0000 - 0x00007ffee1f87000 	C:\WINDOWS\System32\OLEAUT32.dll
0x00007ffecd7e0000 - 0x00007ffecd812000 	C:\WINDOWS\SYSTEM32\dbgcore.DLL
0x00007ffee0f80000 - 0x00007ffee0ffa000 	C:\WINDOWS\System32\bcryptPrimitives.dll
0x00007ffebe3a0000 - 0x00007ffebe3c5000 	C:\Users\user\Desktop\course\springboot\sts-4.19.0.RELEASE\plugins\org.eclipse.justj.openjdk.hotspot.jre.full.win32.x86_64_17.0.7.v20230425-1502\jre\bin\java.dll
0x00007ffebe380000 - 0x00007ffebe398000 	C:\Users\user\Desktop\course\springboot\sts-4.19.0.RELEASE\plugins\org.eclipse.justj.openjdk.hotspot.jre.full.win32.x86_64_17.0.7.v20230425-1502\jre\bin\zip.dll
0x00007ffee13e0000 - 0x00007ffee1bf6000 	C:\WINDOWS\System32\SHELL32.dll
0x00007ffede780000 - 0x00007ffedf06a000 	C:\WINDOWS\SYSTEM32\windows.storage.dll
0x00007ffede640000 - 0x00007ffede77e000 	C:\WINDOWS\SYSTEM32\wintypes.dll
0x00007ffee26d0000 - 0x00007ffee27c3000 	C:\WINDOWS\System32\SHCORE.dll
0x00007ffee2b70000 - 0x00007ffee2bce000 	C:\WINDOWS\System32\shlwapi.dll
0x00007ffee06e0000 - 0x00007ffee0706000 	C:\WINDOWS\SYSTEM32\profapi.dll
0x00007ffebe2f0000 - 0x00007ffebe309000 	C:\Users\user\Desktop\course\springboot\sts-4.19.0.RELEASE\plugins\org.eclipse.justj.openjdk.hotspot.jre.full.win32.x86_64_17.0.7.v20230425-1502\jre\bin\net.dll
0x00007ffeda630000 - 0x00007ffeda767000 	C:\WINDOWS\SYSTEM32\WINHTTP.dll
0x00007ffedfc70000 - 0x00007ffedfcd9000 	C:\WINDOWS\system32\mswsock.dll
0x00007ffebe2a0000 - 0x00007ffebe2b5000 	C:\Users\user\Desktop\course\springboot\sts-4.19.0.RELEASE\plugins\org.eclipse.justj.openjdk.hotspot.jre.full.win32.x86_64_17.0.7.v20230425-1502\jre\bin\nio.dll
0x00007ffebe420000 - 0x00007ffebe429000 	C:\Users\user\Desktop\course\springboot\sts-4.19.0.RELEASE\plugins\org.eclipse.justj.openjdk.hotspot.jre.full.win32.x86_64_17.0.7.v20230425-1502\jre\bin\management.dll
0x00007ffebe370000 - 0x00007ffebe37b000 	C:\Users\user\Desktop\course\springboot\sts-4.19.0.RELEASE\plugins\org.eclipse.justj.openjdk.hotspot.jre.full.win32.x86_64_17.0.7.v20230425-1502\jre\bin\management_ext.dll
0x00007ffee2ee0000 - 0x00007ffee2ee8000 	C:\WINDOWS\System32\PSAPI.DLL
0x00007ffecc520000 - 0x00007ffecc537000 	C:\WINDOWS\system32\napinsp.dll
0x00007ffecc4d0000 - 0x00007ffecc4eb000 	C:\WINDOWS\system32\pnrpnsp.dll
0x00007ffedf340000 - 0x00007ffedf433000 	C:\WINDOWS\SYSTEM32\DNSAPI.dll
0x00007ffedf2d0000 - 0x00007ffedf2fd000 	C:\WINDOWS\SYSTEM32\IPHLPAPI.DLL
0x00007ffee2b60000 - 0x00007ffee2b69000 	C:\WINDOWS\System32\NSI.dll
0x00007ffecc2c0000 - 0x00007ffecc2d1000 	C:\WINDOWS\System32\winrnr.dll
0x00007ffecc210000 - 0x00007ffecc225000 	C:\WINDOWS\system32\wshbth.dll
0x00007ffecc1e0000 - 0x00007ffecc201000 	C:\WINDOWS\system32\nlansp_c.dll
0x00007ffeda770000 - 0x00007ffeda77a000 	C:\Windows\System32\rasadhlp.dll
0x00007ffed9660000 - 0x00007ffed96e4000 	C:\WINDOWS\System32\fwpuclnt.dll
0x00007ffedfed0000 - 0x00007ffedfeeb000 	C:\WINDOWS\SYSTEM32\CRYPTSP.dll
0x00007ffedf760000 - 0x00007ffedf795000 	C:\WINDOWS\system32\rsaenh.dll
0x00007ffedfd60000 - 0x00007ffedfd8c000 	C:\WINDOWS\SYSTEM32\USERENV.dll
0x00007ffee0080000 - 0x00007ffee00a8000 	C:\WINDOWS\SYSTEM32\bcrypt.dll
0x00007ffedfec0000 - 0x00007ffedfecc000 	C:\WINDOWS\SYSTEM32\CRYPTBASE.dll
0x00007ffedabb0000 - 0x00007ffedabc9000 	C:\WINDOWS\SYSTEM32\dhcpcsvc6.DLL
0x00007ffedaa40000 - 0x00007ffedaa5f000 	C:\WINDOWS\SYSTEM32\dhcpcsvc.DLL
0x00007ffecbd10000 - 0x00007ffecbd20000 	C:\Users\user\Desktop\course\springboot\sts-4.19.0.RELEASE\plugins\org.eclipse.justj.openjdk.hotspot.jre.full.win32.x86_64_17.0.7.v20230425-1502\jre\bin\verify.dll
0x00007ffecbc10000 - 0x00007ffecbc1e000 	C:\Users\user\Desktop\course\springboot\sts-4.19.0.RELEASE\plugins\org.eclipse.justj.openjdk.hotspot.jre.full.win32.x86_64_17.0.7.v20230425-1502\jre\bin\sunmscapi.dll
0x00007ffee07b0000 - 0x00007ffee0917000 	C:\WINDOWS\System32\CRYPT32.dll
0x00007ffee0050000 - 0x00007ffee007e000 	C:\WINDOWS\SYSTEM32\ncrypt.dll
0x00007ffee0010000 - 0x00007ffee0047000 	C:\WINDOWS\SYSTEM32\NTASN1.dll

dbghelp: loaded successfully - version: 4.0.5 - missing functions: none
symbol engine: initialized successfully - sym options: 0x614 - pdb path: .;C:\Users\user\Desktop\course\springboot\sts-4.19.0.RELEASE\plugins\org.eclipse.justj.openjdk.hotspot.jre.full.win32.x86_64_17.0.7.v20230425-1502\jre\bin;C:\WINDOWS\SYSTEM32;C:\WINDOWS\WinSxS\amd64_microsoft.windows.common-controls_6595b64144ccf1df_6.0.22621.2070_none_2713e6537381f706;C:\Users\user\Desktop\course\springboot\sts-4.19.0.RELEASE\plugins\org.eclipse.justj.openjdk.hotspot.jre.full.win32.x86_64_17.0.7.v20230425-1502\jre\bin\server

VM Arguments:
jvm_args: -Dcom.sun.management.jmxremote -Dcom.sun.management.jmxremote.port=57880 -Dcom.sun.management.jmxremote.authenticate=false -Dcom.sun.management.jmxremote.ssl=false -Djava.rmi.server.hostname=localhost -Dspring.jmx.enabled=true -Dmanagement.endpoints.jmx.exposure.include=* -Dspring.application.admin.enabled=true -XX:TieredStopAtLevel=1 -Dspring.boot.project.name=stms -Dfile.encoding=UTF-8 -XX:+ShowCodeDetailsInExceptionMessages 
java_command: com.project.stms.StmsApplication --spring.output.ansi.enabled=always
java_class_path (initial): C:\Users\user\Desktop\Final\final\stms\bin\main;C:\Users\user\.gradle\caches\modules-2\files-2.1\org.projectlombok\lombok\1.18.28\a2ff5da8bcd8b1b26f36b806ced63213362c6dcc\lombok-1.18.28.jar;C:\Users\user\.gradle\caches\modules-2\files-2.1\org.springframework.boot\spring-boot-starter-security\2.7.15\e2f938ea74399bd642c2ed0c13f32b896ebfe078\spring-boot-starter-security-2.7.15.jar;C:\Users\user\.gradle\caches\modules-2\files-2.1\org.springframework.boot\spring-boot-starter-thymeleaf\2.7.15\f9fa24cee7e0378b12101b01ef0d060cd21ffe16\spring-boot-starter-thymeleaf-2.7.15.jar;C:\Users\user\.gradle\caches\modules-2\files-2.1\org.springframework.boot\spring-boot-starter-validation\2.7.15\25c3bc2528251de72e1291cdbc5de04a8d0c3b8e\spring-boot-starter-validation-2.7.15.jar;C:\Users\user\.gradle\caches\modules-2\files-2.1\org.springframework.boot\spring-boot-starter-web\2.7.15\80f227f160fd83e4d3e1fb10ec59530e4faae1e0\spring-boot-starter-web-2.7.15.jar;C:\Users\user\.gradle\caches\modules-2\files-2.1\org.mybatis.spring.boot\mybatis-spring-boot-starter\2.3.1\b031f7fa6370ace72d05ad2a7fad7bb1940c26\mybatis-spring-boot-starter-2.3.1.jar;C:\Users\user\.gradle\caches\modules-2\files-2.1\org.thymeleaf.extras\thymeleaf-extras-springsecurity5\3.0.5.RELEASE\8ac42b63d03d7ccbfdcb4fc8c4322001e6081515\thymeleaf-extras-springsecurity5-3.0.5.RELEASE.jar;C:\Users\user\.gradle\caches\modules-2\files-2.1\org.bgee.log4jdbc-log4j2\log4jdbc-log4j2-jdbc4.1\1.16\ce7cd831b2e3e5d428e659a6fdae0fb6b89f3cc7\log4jdbc-log4j2-jdbc4.1-1.16.jar;C:\Users\user\.gradle\caches\modules-2\files-2.1\org.springframework.boot\spring-boot-starter-json\2.7.15\6d1bc45796a194b253ab98fbaf608e320bb16c\spring-boot-starter-json-2.7.15.jar;C:\Users\user\.gradle\caches\modules-2\files-2.1\org.springframework.boot\spring-boot-starter-jdbc\2.7.15\928b5c89be10d4485944a3bfc16f9951ac678138\spring-boot-starter-jdbc-2.7.15.jar;C:\Users\user\.gradle\caches\modules-2\files-2.1\org.springframework.boot\spring-boot-s
Launcher Type: SUN_STANDARD

[Global flags]
     intx CICompilerCount                          = 4                                         {product} {ergonomic}
     uint ConcGCThreads                            = 3                                         {product} {ergonomic}
     uint G1ConcRefinementThreads                  = 10                                        {product} {ergonomic}
   size_t G1HeapRegionSize                         = 2097152                                   {product} {ergonomic}
    uintx GCDrainStackTargetSize                   = 64                                        {product} {ergonomic}
   size_t InitialHeapSize                          = 264241152                                 {product} {ergonomic}
     bool ManagementServer                         = true                                      {product} {command line}
   size_t MarkStackSize                            = 4194304                                   {product} {ergonomic}
   size_t MaxHeapSize                              = 4206886912                                {product} {ergonomic}
   size_t MaxNewSize                               = 2522873856                                {product} {ergonomic}
   size_t MinHeapDeltaBytes                        = 2097152                                   {product} {ergonomic}
   size_t MinHeapSize                              = 8388608                                   {product} {ergonomic}
    uintx NonProfiledCodeHeapSize                  = 0                                      {pd product} {ergonomic}
     bool ProfileInterpreter                       = false                                  {pd product} {command line}
    uintx ProfiledCodeHeapSize                     = 0                                      {pd product} {ergonomic}
     bool ShowCodeDetailsInExceptionMessages       = true                                   {manageable} {command line}
   size_t SoftMaxHeapSize                          = 4206886912                             {manageable} {ergonomic}
     intx TieredStopAtLevel                        = 1                                         {product} {command line}
     bool UseCompressedClassPointers               = true                           {product lp64_product} {ergonomic}
     bool UseCompressedOops                        = true                           {product lp64_product} {ergonomic}
     bool UseG1GC                                  = true                                      {product} {ergonomic}
     bool UseLargePagesIndividualAllocation        = false                                  {pd product} {ergonomic}

Logging:
Log output configuration:
 #0: stdout all=warning uptime,level,tags
 #1: stderr all=off uptime,level,tags

Environment Variables:
PATH=C:/Users/user/Desktop/course/springboot/sts-4.19.0.RELEASE//plugins/org.eclipse.justj.openjdk.hotspot.jre.full.win32.x86_64_17.0.7.v20230425-1502/jre/bin/server;C:/Users/user/Desktop/course/springboot/sts-4.19.0.RELEASE//plugins/org.eclipse.justj.openjdk.hotspot.jre.full.win32.x86_64_17.0.7.v20230425-1502/jre/bin;C:\oraclexe\app\oracle\product\11.2.0\server\bin;;C:\Program Files\Common Files\Oracle\Java\javapath;C:\WINDOWS\system32;C:\WINDOWS;C:\WINDOWS\System32\Wbem;C:\WINDOWS\System32\WindowsPowerShell\v1.0\;C:\WINDOWS\System32\OpenSSH\;C:\Program Files\Bandizip\;C:\Program Files\Git\cmd;C:\Program Files\nodejs\;C:\Program Files\PuTTY\;C:\Users\user\AppData\Local\Microsoft\WindowsApps;;C:\Program Files\JetBrains\IntelliJ IDEA Community Edition 2023.1\bin;;C:\Users\user\AppData\Local\Programs\Microsoft VS Code\bin;C:\Users\user\AppData\Roaming\npm;C:\Users\user\Desktop\course\springboot\sts-4.19.0.RELEASE;
USERNAME=user
OS=Windows_NT
PROCESSOR_IDENTIFIER=Intel64 Family 6 Model 167 Stepping 1, GenuineIntel
TMP=C:\Users\user\AppData\Local\Temp
TEMP=C:\Users\user\AppData\Local\Temp



---------------  S Y S T E M  ---------------

OS:
 Windows 11 , 64 bit Build 22621 (10.0.22621.2070)
OS uptime: 3 days 14:31 hours

CPU: total 12 (initial active 12) (6 cores per cpu, 2 threads per core) family 6 model 167 stepping 1 microcode 0x3c, cx8, cmov, fxsr, ht, mmx, 3dnowpref, sse, sse2, sse3, ssse3, sse4.1, sse4.2, popcnt, lzcnt, tsc, tscinvbit, avx, avx2, aes, erms, clmul, bmi1, bmi2, adx, avx512f, avx512dq, avx512cd, avx512bw, avx512vl, sha, fma, vzeroupper, avx512_vpopcntdq, avx512_vpclmulqdq, avx512_vaes, avx512_vnni, clflush, clflushopt, avx512_vbmi2, avx512_vbmi

Memory: 4k page, system-wide physical 16043M (4508M free)
TotalPageFile size 65195M (AvailPageFile size 7M)
current process WorkingSet (physical memory assigned to process): 141M, peak: 141M
current process commit charge ("private bytes"): 177M, peak: 365M

vm_info: OpenJDK 64-Bit Server VM (17.0.7+7) for windows-amd64 JRE (17.0.7+7), built on Apr 18 2023 22:10:42 by "temurin" with MS VC++ 16.7 (VS2019)

END.
